TN:
SF:src/server.ts
FN:21,(anonymous_1)
FN:27,(anonymous_2)
FN:36,(anonymous_3)
FNF:3
FNH:0
FNDA:0,(anonymous_1)
FNDA:0,(anonymous_2)
FNDA:0,(anonymous_3)
DA:1,1
DA:2,1
DA:3,1
DA:4,1
DA:5,1
DA:7,1
DA:9,1
DA:10,1
DA:13,1
DA:14,1
DA:15,1
DA:18,1
DA:21,1
DA:22,0
DA:23,0
DA:27,1
DA:28,0
DA:30,0
DA:31,0
DA:32,0
DA:33,0
DA:36,0
DA:37,0
DA:40,0
DA:41,0
DA:46,1
DA:47,0
DA:50,1
LF:28
LH:16
BRDA:10,0,0,1
BRDA:10,0,1,1
BRDA:31,1,0,0
BRDA:31,1,1,0
BRDA:46,2,0,0
BRDA:46,2,1,1
BRF:6
BRH:3
end_of_record
TN:
SF:src/config/database.ts
FN:17,(anonymous_1)
FNF:1
FNH:0
FNDA:0,(anonymous_1)
DA:1,0
DA:2,0
DA:4,0
DA:6,0
DA:17,0
DA:18,0
DA:19,0
DA:20,0
DA:21,0
DA:22,0
DA:23,0
DA:25,0
DA:26,0
LF:13
LH:0
BRDA:7,0,0,0
BRDA:7,0,1,0
BRDA:8,1,0,0
BRDA:8,1,1,0
BRDA:9,2,0,0
BRDA:9,2,1,0
BRF:6
BRH:0
end_of_record
TN:
SF:src/controllers/activityController.ts
FN:8,(anonymous_0)
FN:18,(anonymous_1)
FN:29,(anonymous_2)
FNF:3
FNH:3
FNDA:1,(anonymous_0)
FNDA:1,(anonymous_1)
FNDA:1,(anonymous_2)
DA:2,1
DA:5,1
DA:7,1
DA:9,1
DA:10,1
DA:11,1
DA:12,0
DA:14,1
DA:19,1
DA:20,1
DA:21,1
DA:22,1
DA:23,1
DA:25,0
DA:30,1
DA:31,1
DA:32,1
DA:33,1
DA:35,0
LF:19
LH:16
BRDA:21,0,0,1
BRDA:21,0,1,1
BRF:2
BRH:2
end_of_record
TN:
SF:src/controllers/authController.ts
FN:7,(anonymous_0)
FN:29,(anonymous_1)
FN:44,(anonymous_2)
FNF:3
FNH:3
FNDA:2,(anonymous_0)
FNDA:2,(anonymous_1)
FNDA:1,(anonymous_2)
DA:2,1
DA:4,1
DA:6,1
DA:8,2
DA:9,2
DA:11,2
DA:12,1
DA:15,1
DA:23,1
DA:25,0
DA:30,2
DA:31,2
DA:33,2
DA:34,0
DA:37,2
DA:38,1
DA:40,1
DA:45,1
DA:46,1
DA:47,1
DA:49,1
DA:50,0
DA:53,1
DA:55,0
LF:24
LH:20
BRDA:11,0,0,1
BRDA:11,0,1,1
BRDA:11,1,0,2
BRDA:11,1,1,2
BRDA:11,1,2,1
BRDA:33,2,0,0
BRDA:33,2,1,2
BRDA:33,3,0,2
BRDA:33,3,1,2
BRDA:49,4,0,0
BRDA:49,4,1,1
BRF:11
BRH:9
end_of_record
TN:
SF:src/controllers/badgeController.ts
FN:8,(anonymous_0)
FN:18,(anonymous_1)
FN:28,(anonymous_2)
FNF:3
FNH:2
FNDA:1,(anonymous_0)
FNDA:1,(anonymous_1)
FNDA:0,(anonymous_2)
DA:2,1
DA:5,1
DA:7,1
DA:9,1
DA:10,1
DA:11,1
DA:12,1
DA:14,0
DA:19,1
DA:20,1
DA:21,1
DA:22,1
DA:24,0
DA:29,0
DA:30,0
DA:31,0
DA:32,0
DA:34,0
LF:18
LH:11
BRF:0
BRH:0
end_of_record
TN:
SF:src/database/migrate.ts
FN:16,migrate
FNF:1
FNH:0
FNDA:0,migrate
DA:1,0
DA:2,0
DA:3,0
DA:4,0
DA:6,0
DA:8,0
DA:17,0
DA:19,0
DA:20,0
DA:23,0
DA:24,0
DA:27,0
DA:29,0
DA:31,0
DA:32,0
DA:34,0
DA:35,0
DA:39,0
LF:18
LH:0
BRDA:9,0,0,0
BRDA:9,0,1,0
BRDA:10,1,0,0
BRDA:10,1,1,0
BRDA:11,2,0,0
BRDA:11,2,1,0
BRF:6
BRH:0
end_of_record
TN:
SF:src/middleware/auth.ts
FN:11,(anonymous_0)
FNF:1
FNH:1
FNDA:7,(anonymous_0)
DA:2,1
DA:9,1
DA:11,1
DA:12,7
DA:13,7
DA:15,7
DA:16,1
DA:19,6
DA:20,6
DA:22,6
DA:23,6
DA:24,0
DA:27,6
DA:28,6
DA:30,0
LF:15
LH:13
BRDA:15,0,0,1
BRDA:15,0,1,6
BRDA:23,1,0,0
BRDA:23,1,1,6
BRF:4
BRH:3
end_of_record
TN:
SF:src/routes/index.ts
FN:28,(anonymous_0)
FNF:1
FNH:1
FNDA:1,(anonymous_0)
DA:1,1
DA:2,1
DA:3,1
DA:4,1
DA:5,1
DA:7,1
DA:8,1
DA:9,1
DA:10,1
DA:13,1
DA:14,1
DA:15,1
DA:18,1
DA:19,1
DA:20,1
DA:23,1
DA:24,1
DA:25,1
DA:28,1
DA:29,1
DA:32,1
LF:21
LH:21
BRF:0
BRH:0
end_of_record
TN:
SF:src/services/activityService.ts
FN:14,(anonymous_0)
FN:21,(anonymous_1)
FN:59,(anonymous_2)
FN:79,(anonymous_3)
FN:137,(anonymous_4)
FN:169,(anonymous_5)
FN:181,(anonymous_6)
FNF:7
FNH:6
FNDA:1,(anonymous_0)
FNDA:1,(anonymous_1)
FNDA:1,(anonymous_2)
FNDA:1,(anonymous_3)
FNDA:0,(anonymous_4)
FNDA:1,(anonymous_5)
FNDA:1,(anonymous_6)
DA:1,1
DA:3,1
DA:4,1
DA:5,1
DA:6,1
DA:8,1
DA:15,1
DA:16,1
DA:17,1
DA:18,1
DA:22,1
DA:24,1
DA:26,1
DA:30,1
DA:32,1
DA:33,0
DA:36,1
DA:37,1
DA:40,1
DA:41,1
DA:45,1
DA:46,1
DA:50,1
DA:53,1
DA:55,1
DA:60,1
DA:62,1
DA:63,0
DA:81,1
DA:82,1
DA:83,0
DA:99,1
DA:100,1
DA:101,0
DA:116,1
DA:117,1
DA:118,0
DA:119,0
DA:120,0
DA:138,0
DA:140,0
DA:142,0
DA:147,0
DA:148,0
DA:165,0
DA:170,1
DA:178,1
DA:182,1
DA:184,1
DA:185,1
DA:190,1
DA:198,1
DA:203,1
DA:208,1
DA:215,1
LF:55
LH:42
BRDA:32,0,0,0
BRDA:32,0,1,1
BRDA:40,1,0,1
BRDA:40,1,1,0
BRDA:45,2,0,1
BRDA:45,2,1,0
BRDA:88,3,0,0
BRDA:88,3,1,0
BRDA:106,4,0,0
BRDA:106,4,1,0
BRDA:125,5,0,0
BRDA:125,5,1,0
BRDA:147,6,0,0
BRDA:147,6,1,0
BRDA:169,7,0,0
BRDA:209,8,0,1
BRDA:209,8,1,0
BRDA:210,9,0,1
BRDA:210,9,1,0
BRF:19
BRH:5
end_of_record
TN:
SF:src/services/authService.ts
FN:10,(anonymous_1)
FN:15,(anonymous_2)
FN:60,(anonymous_3)
FN:83,(anonymous_4)
FN:91,(anonymous_5)
FN:100,(anonymous_6)
FNF:6
FNH:6
FNDA:11,(anonymous_1)
FNDA:3,(anonymous_2)
FNDA:5,(anonymous_3)
FNDA:4,(anonymous_4)
FNDA:8,(anonymous_5)
FNDA:9,(anonymous_6)
DA:1,2
DA:2,2
DA:3,2
DA:6,2
DA:11,11
DA:12,11
DA:16,3
DA:18,3
DA:19,3
DA:22,3
DA:27,3
DA:28,1
DA:32,2
DA:33,2
DA:36,2
DA:43,2
DA:44,2
DA:47,2
DA:49,2
DA:51,2
DA:53,1
DA:54,1
DA:56,3
DA:61,5
DA:66,5
DA:67,2
DA:70,3
DA:71,3
DA:73,3
DA:74,1
DA:77,2
DA:78,2
DA:80,2
DA:84,4
DA:92,8
DA:93,8
DA:94,7
DA:96,1
DA:101,9
DA:106,9
LF:40
LH:40
BRDA:11,0,0,11
BRDA:11,0,1,11
BRDA:12,1,0,11
BRDA:12,1,1,11
BRDA:27,2,0,1
BRDA:27,2,1,2
BRDA:66,3,0,2
BRDA:66,3,1,3
BRDA:73,4,0,1
BRDA:73,4,1,2
BRDA:106,5,0,9
BRDA:106,5,1,1
BRF:12
BRH:12
end_of_record
TN:
SF:src/services/badgeService.ts
FN:5,(anonymous_0)
FN:24,(anonymous_1)
FN:52,(anonymous_2)
FN:87,(anonymous_3)
FN:99,(anonymous_4)
FN:111,(anonymous_5)
FN:123,(anonymous_6)
FN:125,(anonymous_7)
FNF:8
FNH:7
FNDA:3,(anonymous_0)
FNDA:1,(anonymous_1)
FNDA:5,(anonymous_2)
FNDA:2,(anonymous_3)
FNDA:2,(anonymous_4)
FNDA:2,(anonymous_5)
FNDA:0,(anonymous_6)
FNDA:3,(anonymous_7)
DA:1,2
DA:4,2
DA:6,3
DA:7,3
DA:9,3
DA:10,3
DA:13,3
DA:16,2
DA:17,2
DA:20,2
DA:24,2
DA:27,2
DA:28,3
DA:29,2
DA:31,2
DA:33,2
DA:37,2
DA:42,2
DA:43,2
DA:45,1
DA:46,1
DA:48,3
DA:53,5
DA:58,5
DA:63,5
DA:68,5
DA:73,5
DA:78,5
DA:88,2
DA:90,2
DA:91,2
DA:92,0
DA:96,2
DA:100,2
DA:108,2
DA:112,2
DA:114,2
DA:115,2
DA:116,2
DA:117,2
DA:119,2
DA:123,2
DA:125,2
DA:126,3
DA:127,3
DA:128,3
DA:129,3
DA:131,3
DA:132,3
DA:133,3
DA:134,3
DA:137,3
DA:146,2
LF:53
LH:52
BRDA:28,0,0,2
BRDA:28,0,1,1
BRDA:31,1,0,2
BRDA:31,1,1,0
BRDA:79,2,0,5
BRDA:79,2,1,0
BRDA:80,3,0,4
BRDA:80,3,1,0
BRDA:81,4,0,4
BRDA:81,4,1,0
BRDA:82,5,0,4
BRDA:82,5,1,0
BRDA:83,6,0,4
BRDA:83,6,1,2
BRDA:91,7,0,0
BRDA:91,7,1,2
BRDA:133,8,0,3
BRDA:133,8,1,0
BRF:18
BRH:11
end_of_record
TN:
SF:src/services/githubService.ts
FN:9,(anonymous_1)
FN:14,(anonymous_2)
FN:21,(anonymous_3)
FN:42,(anonymous_4)
FN:63,(anonymous_5)
FN:81,(anonymous_6)
FN:91,(anonymous_7)
FN:98,(anonymous_8)
FNF:8
FNH:5
FNDA:1,(anonymous_1)
FNDA:3,(anonymous_2)
FNDA:0,(anonymous_3)
FNDA:1,(anonymous_4)
FNDA:0,(anonymous_5)
FNDA:1,(anonymous_6)
FNDA:0,(anonymous_7)
FNDA:1,(anonymous_8)
DA:1,1
DA:4,1
DA:7,1
DA:10,1
DA:11,1
DA:15,3
DA:22,0
DA:23,0
DA:25,0
DA:35,0
DA:37,0
DA:38,0
DA:43,1
DA:44,1
DA:46,1
DA:56,0
DA:58,1
DA:59,1
DA:64,0
DA:65,0
DA:74,0
DA:76,0
DA:77,0
DA:82,1
DA:83,1
DA:91,0
DA:93,1
DA:94,1
DA:99,1
DA:100,1
DA:102,1
DA:112,0
DA:114,1
DA:115,1
LF:34
LH:20
BRDA:10,0,0,1
BRDA:10,0,1,1
BRDA:11,1,0,1
BRDA:11,1,1,1
BRDA:35,2,0,0
BRDA:35,2,1,0
BRDA:56,3,0,0
BRDA:56,3,1,0
BRDA:74,4,0,0
BRDA:74,4,1,0
BRDA:91,5,0,0
BRDA:91,5,1,0
BRDA:112,6,0,0
BRDA:112,6,1,0
BRF:14
BRH:4
end_of_record
TN:
SF:src/services/jiraService.ts
FN:8,(anonymous_1)
FN:15,(anonymous_2)
FN:23,(anonymous_3)
FN:43,(anonymous_4)
FN:63,(anonymous_5)
FNF:5
FNH:3
FNDA:1,(anonymous_1)
FNDA:1,(anonymous_2)
FNDA:1,(anonymous_3)
FNDA:0,(anonymous_4)
FNDA:0,(anonymous_5)
DA:1,1
DA:4,1
DA:9,1
DA:10,1
DA:11,1
DA:12,1
DA:16,1
DA:24,1
DA:25,1
DA:27,1
DA:36,0
DA:38,1
DA:39,1
DA:44,0
DA:45,0
DA:47,0
DA:56,0
DA:58,0
DA:59,0
DA:64,0
DA:65,0
DA:69,0
DA:71,0
DA:72,0
LF:24
LH:12
BRDA:9,0,0,1
BRDA:9,0,1,1
BRDA:10,1,0,1
BRDA:10,1,1,1
BRDA:11,2,0,1
BRDA:11,2,1,1
BRDA:36,3,0,0
BRDA:36,3,1,0
BRDA:56,4,0,0
BRDA:56,4,1,0
BRF:10
BRH:6
end_of_record
TN:
SF:src/services/streakService.ts
FN:4,(anonymous_0)
FN:20,(anonymous_1)
FN:71,(anonymous_2)
FN:108,(anonymous_3)
FNF:4
FNH:4
FNDA:4,(anonymous_0)
FNDA:4,(anonymous_1)
FNDA:5,(anonymous_2)
FNDA:1,(anonymous_3)
DA:1,2
DA:3,2
DA:5,4
DA:7,4
DA:8,4
DA:11,4
DA:20,4
DA:21,4
DA:24,4
DA:25,2
DA:26,2
DA:30,2
DA:33,2
DA:38,2
DA:39,2
DA:41,2
DA:43,1
DA:50,1
DA:51,1
DA:54,1
DA:62,2
DA:64,0
DA:65,0
DA:67,4
DA:72,5
DA:74,5
DA:75,5
DA:76,5
DA:78,5
DA:79,5
DA:82,5
DA:83,5
DA:84,1
DA:88,4
DA:89,8
DA:90,8
DA:92,8
DA:93,8
DA:95,8
DA:97,8
DA:98,6
DA:99,2
DA:100,0
DA:105,4
DA:109,1
DA:114,1
LF:46
LH:43
BRDA:24,0,0,2
BRDA:24,0,1,2
BRDA:41,1,0,1
BRDA:41,1,1,1
BRDA:72,2,0,0
BRDA:72,2,1,5
BRDA:83,3,0,1
BRDA:83,3,1,4
BRDA:97,4,0,6
BRDA:97,4,1,2
BRDA:99,5,0,0
BRDA:99,5,1,2
BRF:12
BRH:10
end_of_record
